mode: set
github.com/GRACE/grace-tftest/aws/s3/bucket/lifecycle/lifecycle.go:25.64,30.2 1 1
github.com/GRACE/grace-tftest/aws/s3/bucket/lifecycle/lifecycle.go:33.50,35.2 1 0
github.com/GRACE/grace-tftest/aws/s3/bucket/lifecycle/lifecycle.go:40.81,43.16 3 1
github.com/GRACE/grace-tftest/aws/s3/bucket/lifecycle/lifecycle.go:47.2,47.26 1 1
github.com/GRACE/grace-tftest/aws/s3/bucket/lifecycle/lifecycle.go:56.2,57.10 2 1
github.com/GRACE/grace-tftest/aws/s3/bucket/lifecycle/lifecycle.go:43.16,45.3 1 0
github.com/GRACE/grace-tftest/aws/s3/bucket/lifecycle/lifecycle.go:48.14,49.50 1 0
github.com/GRACE/grace-tftest/aws/s3/bucket/lifecycle/lifecycle.go:50.13,51.61 1 0
github.com/GRACE/grace-tftest/aws/s3/bucket/lifecycle/lifecycle.go:52.10,53.20 1 1
github.com/GRACE/grace-tftest/aws/s3/bucket/lifecycle/lifecycle.go:63.80,66.16 3 0
github.com/GRACE/grace-tftest/aws/s3/bucket/lifecycle/lifecycle.go:70.2,70.21 1 0
github.com/GRACE/grace-tftest/aws/s3/bucket/lifecycle/lifecycle.go:76.2,77.10 2 0
github.com/GRACE/grace-tftest/aws/s3/bucket/lifecycle/lifecycle.go:66.16,68.3 1 0
github.com/GRACE/grace-tftest/aws/s3/bucket/lifecycle/lifecycle.go:70.21,72.3 1 0
github.com/GRACE/grace-tftest/aws/s3/bucket/lifecycle/lifecycle.go:72.8,74.3 1 0
github.com/GRACE/grace-tftest/aws/s3/bucket/lifecycle/lifecycle.go:81.61,84.2 2 0
github.com/GRACE/grace-tftest/aws/s3/bucket/lifecycle/lifecycle.go:89.40,90.57 1 1
github.com/GRACE/grace-tftest/aws/s3/bucket/lifecycle/lifecycle.go:98.2,98.10 1 1
github.com/GRACE/grace-tftest/aws/s3/bucket/lifecycle/lifecycle.go:90.57,92.18 2 1
github.com/GRACE/grace-tftest/aws/s3/bucket/lifecycle/lifecycle.go:95.3,96.32 2 1
github.com/GRACE/grace-tftest/aws/s3/bucket/lifecycle/lifecycle.go:92.18,94.4 1 0
github.com/GRACE/grace-tftest/aws/s3/bucket/lifecycle/lifecycle.go:104.59,105.57 1 1
github.com/GRACE/grace-tftest/aws/s3/bucket/lifecycle/lifecycle.go:113.2,113.10 1 1
github.com/GRACE/grace-tftest/aws/s3/bucket/lifecycle/lifecycle.go:105.57,107.18 2 1
github.com/GRACE/grace-tftest/aws/s3/bucket/lifecycle/lifecycle.go:110.3,111.54 2 1
github.com/GRACE/grace-tftest/aws/s3/bucket/lifecycle/lifecycle.go:107.18,109.4 1 0
github.com/GRACE/grace-tftest/aws/s3/bucket/lifecycle/lifecycle.go:119.61,120.57 1 1
github.com/GRACE/grace-tftest/aws/s3/bucket/lifecycle/lifecycle.go:132.2,132.10 1 1
github.com/GRACE/grace-tftest/aws/s3/bucket/lifecycle/lifecycle.go:120.57,122.18 2 1
github.com/GRACE/grace-tftest/aws/s3/bucket/lifecycle/lifecycle.go:125.3,130.51 2 1
github.com/GRACE/grace-tftest/aws/s3/bucket/lifecycle/lifecycle.go:122.18,124.4 1 0
github.com/GRACE/grace-tftest/aws/s3/bucket/lifecycle/lifecycle.go:138.73,139.57 1 1
github.com/GRACE/grace-tftest/aws/s3/bucket/lifecycle/lifecycle.go:160.2,160.10 1 1
github.com/GRACE/grace-tftest/aws/s3/bucket/lifecycle/lifecycle.go:139.57,141.18 2 1
github.com/GRACE/grace-tftest/aws/s3/bucket/lifecycle/lifecycle.go:144.3,144.25 1 1
github.com/GRACE/grace-tftest/aws/s3/bucket/lifecycle/lifecycle.go:157.3,158.59 2 1
github.com/GRACE/grace-tftest/aws/s3/bucket/lifecycle/lifecycle.go:141.18,143.4 1 0
github.com/GRACE/grace-tftest/aws/s3/bucket/lifecycle/lifecycle.go:144.25,146.44 2 1
github.com/GRACE/grace-tftest/aws/s3/bucket/lifecycle/lifecycle.go:152.4,152.14 1 1
github.com/GRACE/grace-tftest/aws/s3/bucket/lifecycle/lifecycle.go:146.44,148.60 1 1
github.com/GRACE/grace-tftest/aws/s3/bucket/lifecycle/lifecycle.go:148.60,150.6 1 1
github.com/GRACE/grace-tftest/aws/s3/bucket/lifecycle/lifecycle.go:152.14,155.5 2 0
github.com/GRACE/grace-tftest/aws/s3/bucket/lifecycle/lifecycle.go:166.54,167.57 1 1
github.com/GRACE/grace-tftest/aws/s3/bucket/lifecycle/lifecycle.go:175.2,175.10 1 1
github.com/GRACE/grace-tftest/aws/s3/bucket/lifecycle/lifecycle.go:167.57,169.18 2 1
github.com/GRACE/grace-tftest/aws/s3/bucket/lifecycle/lifecycle.go:172.3,173.65 2 1
github.com/GRACE/grace-tftest/aws/s3/bucket/lifecycle/lifecycle.go:169.18,171.4 1 0
github.com/GRACE/grace-tftest/aws/s3/bucket/lifecycle/lifecycle.go:181.54,182.57 1 1
github.com/GRACE/grace-tftest/aws/s3/bucket/lifecycle/lifecycle.go:190.2,190.10 1 1
github.com/GRACE/grace-tftest/aws/s3/bucket/lifecycle/lifecycle.go:182.57,184.18 2 1
github.com/GRACE/grace-tftest/aws/s3/bucket/lifecycle/lifecycle.go:187.3,188.61 2 1
github.com/GRACE/grace-tftest/aws/s3/bucket/lifecycle/lifecycle.go:184.18,186.4 1 0
github.com/GRACE/grace-tftest/aws/s3/bucket/lifecycle/lifecycle.go:196.56,197.57 1 0
github.com/GRACE/grace-tftest/aws/s3/bucket/lifecycle/lifecycle.go:205.2,205.10 1 0
github.com/GRACE/grace-tftest/aws/s3/bucket/lifecycle/lifecycle.go:197.57,199.18 2 0
github.com/GRACE/grace-tftest/aws/s3/bucket/lifecycle/lifecycle.go:202.3,203.53 2 0
github.com/GRACE/grace-tftest/aws/s3/bucket/lifecycle/lifecycle.go:199.18,201.4 1 0
github.com/GRACE/grace-tftest/aws/s3/bucket/lifecycle/lifecycle.go:211.52,212.57 1 1
github.com/GRACE/grace-tftest/aws/s3/bucket/lifecycle/lifecycle.go:220.2,220.10 1 1
github.com/GRACE/grace-tftest/aws/s3/bucket/lifecycle/lifecycle.go:212.57,214.18 2 1
github.com/GRACE/grace-tftest/aws/s3/bucket/lifecycle/lifecycle.go:217.3,218.54 2 1
github.com/GRACE/grace-tftest/aws/s3/bucket/lifecycle/lifecycle.go:214.18,216.4 1 0
github.com/GRACE/grace-tftest/aws/s3/bucket/lifecycle/lifecycle.go:223.84,224.21 1 1
github.com/GRACE/grace-tftest/aws/s3/bucket/lifecycle/lifecycle.go:231.2,232.23 2 1
github.com/GRACE/grace-tftest/aws/s3/bucket/lifecycle/lifecycle.go:236.2,236.21 1 1
github.com/GRACE/grace-tftest/aws/s3/bucket/lifecycle/lifecycle.go:224.21,227.17 3 0
github.com/GRACE/grace-tftest/aws/s3/bucket/lifecycle/lifecycle.go:227.17,229.4 1 0
github.com/GRACE/grace-tftest/aws/s3/bucket/lifecycle/lifecycle.go:232.23,235.3 2 0
github.com/GRACE/grace-tftest/aws/s3/bucket/lifecycle/lifecycle.go:239.58,244.16 3 0
github.com/GRACE/grace-tftest/aws/s3/bucket/lifecycle/lifecycle.go:247.2,247.23 1 0
github.com/GRACE/grace-tftest/aws/s3/bucket/lifecycle/lifecycle.go:244.16,246.3 1 0
github.com/GRACE/grace-tftest/aws/s3/bucket/lifecycle/lifecycle.go:249.48,251.9 2 1
github.com/GRACE/grace-tftest/aws/s3/bucket/lifecycle/lifecycle.go:256.2,256.12 1 1
github.com/GRACE/grace-tftest/aws/s3/bucket/lifecycle/lifecycle.go:251.9,255.3 3 0
github.com/GRACE/grace-tftest/aws/s3/bucket/lifecycle/lifecycle.go:258.58,259.23 1 1
github.com/GRACE/grace-tftest/aws/s3/bucket/lifecycle/lifecycle.go:262.2,262.8 1 1
github.com/GRACE/grace-tftest/aws/s3/bucket/lifecycle/lifecycle.go:259.23,261.3 1 1
github.com/GRACE/grace-tftest/aws/s3/bucket/lifecycle/lifecycle.go:264.60,265.23 1 1
github.com/GRACE/grace-tftest/aws/s3/bucket/lifecycle/lifecycle.go:272.2,272.8 1 1
github.com/GRACE/grace-tftest/aws/s3/bucket/lifecycle/lifecycle.go:265.23,267.15 2 1
github.com/GRACE/grace-tftest/aws/s3/bucket/lifecycle/lifecycle.go:270.3,270.23 1 1
github.com/GRACE/grace-tftest/aws/s3/bucket/lifecycle/lifecycle.go:267.15,268.12 1 0
